Normal Pattern:
Receiving Inquiry request. [Payswitch --> GW]:TransactionTime: [20220616-07:53:51]
Sending Inquiry request. [GW --> Jatelindo]: TransmissionTime: [0616-07:53:51]
Receiving Inquiry response. [GW <-- Jatelindo]:TransmissionTime: [0616-07:53:51]
Sending Inquiry response. [Payswitch <-- GW]:TransactionTime: [20220616-07:53:51]

Receiving Payment request. [Payswitch --> GW]:TransactionTime: [20220616-07:54:02]
Sending Purchase request. [GW --> Jatelindo]:TransmissionTime: [0616-07:53:51]
Receiving Purchase response. [GW <-- Jatelindo]:TransmissionTime: [0616-07:53:51]
Sending Payment response. [Payswitch <-- GW]:TransactionTime: [20220616-07:54:02]

Jan Case:
08-01-2022 21:24:56	(100.00)
Receiving Inquiry request. [Payswitch --> GW]:TransactionTime: [20220108212453]
Sending Inquiry request. [GW --> Jatelindo]:TransmissionTime: [0108211819]
Receiving Inquiry response. [GW <-- Jatelindo]:TransmissionTime: [0108211819]
Sending Inquiry response. [Payswitch <-- GW]:TransactionTime: [20220108212453]

Receiving Payment request. [Payswitch --> GW]:TransactionTime: [20220108212456]
Sending Purchase request. [GW --> Jatelindo]: TransmissionTime: [0108211819]
Receiving Purchase response. [GW <-- Jatelindo]:TransmissionTime: [0108211819]
Sending Payment response. [Payswitch <-- GW]:TransactionTime: [20220108212456]

08-01-2022 21:26:47	(50.000)